# JRE version: Java(TM) SE Runtime Environment (8.0_151-b12) (build 1.8.0_151-b12)
# Java VM: Java HotSpot(TM) 64-Bit Server VM (25.151-b12 mixed mode windows-amd64 compressed oops)
Heap:
 PSYoungGen      total 140800K, used 19427K [0x00000000eb580000, 0x00000000f6b00000, 0x0000000100000000)
  eden space 130048K, 14% used [0x00000000eb580000,0x00000000ec878c10,0x00000000f3480000)
  from space 10752K, 0% used [0x00000000f3f80000,0x00000000f3f80000,0x00000000f4a00000)
  to   space 11264K, 0% used [0x00000000f3480000,0x00000000f3480000,0x00000000f3f80000)
 ParOldGen       total 51712K, used 13767K [0x00000000c2000000, 0x00000000c5280000, 0x00000000eb580000)
  object space 51712K, 26% used [0x00000000c2000000,0x00000000c2d71c98,0x00000000c5280000)
 Metaspace       used 35952K, capacity 37202K, committed 37416K, reserved 1081344K
  class space    used 4851K, capacity 5128K, committed 5168K, reserved 1048576K
GC Heap History (10 events):
Event: 6.625 GC heap before
{Heap before GC invocations=8 (full 1):
 PSYoungGen      total 69120K, used 5609K [0x00000000eb580000, 0x00000000f3e80000, 0x0000000100000000)
  eden space 63488K, 0% used [0x00000000eb580000,0x00000000eb580000,0x00000000ef380000)
  from space 5632K, 99% used [0x00000000ef380000,0x00000000ef8fa5a8,0x00000000ef900000)
  to   space 6656K, 0% used [0x00000000f3800000,0x00000000f3800000,0x00000000f3e80000)
 ParOldGen       total 42496K, used 8206K [0x00000000c2000000, 0x00000000c4980000, 0x00000000eb580000)
  object space 42496K, 19% used [0x00000000c2000000,0x00000000c28038a0,0x00000000c4980000)
 Metaspace       used 20588K, capacity 21242K, committed 21296K, reserved 1067008K
  class space    used 2666K, capacity 2862K, committed 2864K, reserved 1048576K
Event: 6.675 GC heap after
Heap after GC invocations=8 (full 1):
 PSYoungGen      total 69120K, used 0K [0x00000000eb580000, 0x00000000f3e80000, 0x0000000100000000)
  eden space 63488K, 0% used [0x00000000eb580000,0x00000000eb580000,0x00000000ef380000)
  from space 5632K, 0% used [0x00000000ef380000,0x00000000ef380000,0x00000000ef900000)
  to   space 6656K, 0% used [0x00000000f3800000,0x00000000f3800000,0x00000000f3e80000)
 ParOldGen       total 33280K, used 8335K [0x00000000c2000000, 0x00000000c4080000, 0x00000000eb580000)
  object space 33280K, 25% used [0x00000000c2000000,0x00000000c2823d00,0x00000000c4080000)
 Metaspace       used 20588K, capacity 21242K, committed 21296K, reserved 1067008K
  class space    used 2666K, capacity 2862K, committed 2864K, reserved 1048576K
}
Event: 8.046 GC heap before
{Heap before GC invocations=9 (full 1):
 PSYoungGen      total 69120K, used 63487K [0x00000000eb580000, 0x00000000f3e80000, 0x0000000100000000)
  eden space 63488K, 99% used [0x00000000eb580000,0x00000000ef37fc48,0x00000000ef380000)
  from space 5632K, 0% used [0x00000000ef380000,0x00000000ef380000,0x00000000ef900000)
  to   space 6656K, 0% used [0x00000000f3800000,0x00000000f3800000,0x00000000f3e80000)
 ParOldGen       total 33280K, used 8335K [0x00000000c2000000, 0x00000000c4080000, 0x00000000eb580000)
  object space 33280K, 25% used [0x00000000c2000000,0x00000000c2823d00,0x00000000c4080000)
 Metaspace       used 23221K, capacity 24022K, committed 24240K, reserved 1071104K
  class space    used 3041K, capacity 3242K, committed 3248K, reserved 1048576K
Event: 8.051 GC heap after
Heap after GC invocations=9 (full 1):
 PSYoungGen      total 103936K, used 4044K [0x00000000eb580000, 0x00000000f3c00000, 0x0000000100000000)
  eden space 99840K, 0% used [0x00000000eb580000,0x00000000eb580000,0x00000000f1700000)
  from space 4096K, 98% used [0x00000000f3800000,0x00000000f3bf3390,0x00000000f3c00000)
  to   space 6144K, 0% used [0x00000000f3000000,0x00000000f3000000,0x00000000f3600000)
 ParOldGen       total 33280K, used 8335K [0x00000000c2000000, 0x00000000c4080000, 0x00000000eb580000)
  object space 33280K, 25% used [0x00000000c2000000,0x00000000c2823d00,0x00000000c4080000)
 Metaspace       used 23221K, capacity 24022K, committed 24240K, reserved 1071104K
  class space    used 3041K, capacity 3242K, committed 3248K, reserved 1048576K
}
Event: 21.579 GC heap before
{Heap before GC invocations=10 (full 1):
 PSYoungGen      total 103936K, used 103884K [0x00000000eb580000, 0x00000000f3c00000, 0x0000000100000000)
  eden space 99840K, 100% used [0x00000000eb580000,0x00000000f1700000,0x00000000f1700000)
  from space 4096K, 98% used [0x00000000f3800000,0x00000000f3bf3390,0x00000000f3c00000)
  to   space 6144K, 0% used [0x00000000f3000000,0x00000000f3000000,0x00000000f3600000)
 ParOldGen       total 33280K, used 8335K [0x00000000c2000000, 0x00000000c4080000, 0x00000000eb580000)
  object space 33280K, 25% used [0x00000000c2000000,0x00000000c2823d00,0x00000000c4080000)
 Metaspace       used 31621K, capacity 32844K, committed 33072K, reserved 1077248K
  class space    used 4027K, capacity 4305K, committed 4400K, reserved 1048576K
Event: 21.600 GC heap after
Heap after GC invocations=10 (full 1):
 PSYoungGen      total 131584K, used 6126K [0x00000000eb580000, 0x00000000f4a00000, 0x0000000100000000)
  eden space 125440K, 0% used [0x00000000eb580000,0x00000000eb580000,0x00000000f3000000)
  from space 6144K, 99% used [0x00000000f3000000,0x00000000f35fbac0,0x00000000f3600000)
  to   space 10752K, 0% used [0x00000000f3f80000,0x00000000f3f80000,0x00000000f4a00000)
 ParOldGen       total 33280K, used 18382K [0x00000000c2000000, 0x00000000c4080000, 0x00000000eb580000)
  object space 33280K, 55% used [0x00000000c2000000,0x00000000c31f3bb8,0x00000000c4080000)
 Metaspace       used 31621K, capacity 32844K, committed 33072K, reserved 1077248K
  class space    used 4027K, capacity 4305K, committed 4400K, reserved 1048576K
}
Event: 24.395 GC heap before
{Heap before GC invocations=11 (full 1):
 PSYoungGen      total 131584K, used 32826K [0x00000000eb580000, 0x00000000f4a00000, 0x0000000100000000)
  eden space 125440K, 21% used [0x00000000eb580000,0x00000000ecf92ec8,0x00000000f3000000)
  from space 6144K, 99% used [0x00000000f3000000,0x00000000f35fbac0,0x00000000f3600000)
  to   space 10752K, 0% used [0x00000000f3f80000,0x00000000f3f80000,0x00000000f4a00000)
 ParOldGen       total 33280K, used 18382K [0x00000000c2000000, 0x00000000c4080000, 0x00000000eb580000)
  object space 33280K, 55% used [0x00000000c2000000,0x00000000c31f3bb8,0x00000000c4080000)
 Metaspace       used 34204K, capacity 35382K, committed 35496K, reserved 1079296K
  class space    used 4457K, capacity 4724K, committed 4784K, reserved 1048576K
Event: 24.413 GC heap after
Heap after GC invocations=11 (full 1):
 PSYoungGen      total 140800K, used 7809K [0x00000000eb580000, 0x00000000f6b00000, 0x0000000100000000)
  eden space 130048K, 0% used [0x00000000eb580000,0x00000000eb580000,0x00000000f3480000)
  from space 10752K, 72% used [0x00000000f3f80000,0x00000000f4720558,0x00000000f4a00000)
  to   space 11264K, 0% used [0x00000000f3480000,0x00000000f3480000,0x00000000f3f80000)
 ParOldGen       total 33280K, used 19248K [0x00000000c2000000, 0x00000000c4080000, 0x00000000eb580000)
  object space 33280K, 57% used [0x00000000c2000000,0x00000000c32cc038,0x00000000c4080000)
 Metaspace       used 34204K, capacity 35382K, committed 35496K, reserved 1079296K
  class space    used 4457K, capacity 4724K, committed 4784K, reserved 1048576K
}
Event: 24.413 GC heap before
{Heap before GC invocations=12 (full 2):
 PSYoungGen      total 140800K, used 7809K [0x00000000eb580000, 0x00000000f6b00000, 0x0000000100000000)
  eden space 130048K, 0% used [0x00000000eb580000,0x00000000eb580000,0x00000000f3480000)
  from space 10752K, 72% used [0x00000000f3f80000,0x00000000f4720558,0x00000000f4a00000)
  to   space 11264K, 0% used [0x00000000f3480000,0x00000000f3480000,0x00000000f3f80000)
 ParOldGen       total 33280K, used 19248K [0x00000000c2000000, 0x00000000c4080000, 0x00000000eb580000)
  object space 33280K, 57% used [0x00000000c2000000,0x00000000c32cc038,0x00000000c4080000)
 Metaspace       used 34204K, capacity 35382K, committed 35496K, reserved 1079296K
  class space    used 4457K, capacity 4724K, committed 4784K, reserved 1048576K
Event: 24.482 GC heap after
Heap after GC invocations=12 (full 2):
 PSYoungGen      total 140800K, used 0K [0x00000000eb580000, 0x00000000f6b00000, 0x0000000100000000)
  eden space 130048K, 0% used [0x00000000eb580000,0x00000000eb580000,0x00000000f3480000)
  from space 10752K, 0% used [0x00000000f3f80000,0x00000000f3f80000,0x00000000f4a00000)
  to   space 11264K, 0% used [0x00000000f3480000,0x00000000f3480000,0x00000000f3f80000)
 ParOldGen       total 51712K, used 13767K [0x00000000c2000000, 0x00000000c5280000, 0x00000000eb580000)
  object space 51712K, 26% used [0x00000000c2000000,0x00000000c2d71c98,0x00000000c5280000)
 Metaspace       used 34204K, capacity 35382K, committed 35496K, reserved 1079296K
  class space    used 4457K, capacity 4724K, committed 4784K, reserved 1048576K
}

